2026-02-22 00:03:10.190 [main] INFO  c.c.L.LoggingUsingSlf4JApplication - Starting LoggingUsingSlf4JApplication using Java 24.0.2 with PID 6184 (C:\Users\Hp\Desktop\Spring\Spring-Boot-Concept\013-LoggingUsingSLF4J\LoggingUsingSLF4J\target\classes started by Hp in C:\Users\Hp\Desktop\Spring\Spring-Boot-Concept\013-LoggingUsingSLF4J)
2026-02-22 00:03:10.194 [main] DEBUG c.c.L.LoggingUsingSlf4JApplication - Running with Spring Boot v3.5.11, Spring v6.2.16
2026-02-22 00:03:10.197 [main] INFO  c.c.L.LoggingUsingSlf4JApplication - No active profile set, falling back to 1 default profile: "default"
2026-02-22 00:03:13.093 [main] INFO  o.s.d.r.c.RepositoryConfigurationDelegate - Bootstrapping Spring Data JPA repositories in DEFAULT mode.
2026-02-22 00:03:13.392 [main] INFO  o.s.d.r.c.RepositoryConfigurationDelegate - Finished Spring Data repository scanning in 276 ms. Found 1 JPA repository interface.
2026-02-22 00:03:15.294 [main] INFO  o.s.b.w.e.tomcat.TomcatWebServer - Tomcat initialized with port 8080 (http)
2026-02-22 00:03:15.350 [main] INFO  o.a.coyote.http11.Http11NioProtocol - Initializing ProtocolHandler ["http-nio-8080"]
2026-02-22 00:03:15.360 [main] INFO  o.a.catalina.core.StandardService - Starting service [Tomcat]
2026-02-22 00:03:15.362 [main] INFO  o.a.catalina.core.StandardEngine - Starting Servlet engine: [Apache Tomcat/10.1.52]
2026-02-22 00:03:15.677 [main] INFO  o.a.c.c.C.[Tomcat].[localhost].[/] - Initializing Spring embedded WebApplicationContext
2026-02-22 00:03:15.679 [main] INFO  o.s.b.w.s.c.ServletWebServerApplicationContext - Root WebApplicationContext: initialization completed in 5298 ms
2026-02-22 00:03:16.389 [main] INFO  o.h.jpa.internal.util.LogHelper - HHH000204: Processing PersistenceUnitInfo [name: default]
2026-02-22 00:03:16.828 [main] INFO  org.hibernate.Version - HHH000412: Hibernate ORM core version 6.6.42.Final
2026-02-22 00:03:17.003 [main] INFO  o.h.c.i.RegionFactoryInitiator - HHH000026: Second-level cache disabled
2026-02-22 00:03:18.440 [main] INFO  o.s.o.j.p.SpringPersistenceUnitInfo - No LoadTimeWeaver setup: ignoring JPA class transformer
2026-02-22 00:03:18.504 [main] INFO  com.zaxxer.hikari.HikariDataSource - HikariPool-1 - Starting...
2026-02-22 00:03:19.233 [main] INFO  com.zaxxer.hikari.pool.HikariPool - HikariPool-1 - Added connection org.postgresql.jdbc.PgConnection@23396fc0
2026-02-22 00:03:19.236 [main] INFO  com.zaxxer.hikari.HikariDataSource - HikariPool-1 - Start completed.
2026-02-22 00:03:19.695 [main] INFO  o.hibernate.orm.connections.pooling - HHH10001005: Database info:
	Database JDBC URL [Connecting through datasource 'HikariDataSource (HikariPool-1)']
	Database driver: undefined/unknown
	Database version: 18.1
	Autocommit mode: undefined/unknown
	Isolation level: undefined/unknown
	Minimum pool size: undefined/unknown
	Maximum pool size: undefined/unknown
2026-02-22 00:03:21.779 [main] INFO  o.h.e.t.j.p.i.JtaPlatformInitiator - HHH000489: No JTA platform available (set 'hibernate.transaction.jta.platform' to enable JTA platform integration)
2026-02-22 00:03:22.126 [main] INFO  o.s.o.j.LocalContainerEntityManagerFactoryBean - Initialized JPA EntityManagerFactory for persistence unit 'default'
2026-02-22 00:03:22.682 [main] WARN  o.s.b.a.o.j.JpaBaseConfiguration$JpaWebConfiguration - spring.jpa.open-in-view is enabled by default. Therefore, database queries may be performed during view rendering. Explicitly configure spring.jpa.open-in-view to disable this warning
2026-02-22 00:03:23.385 [main] INFO  o.a.coyote.http11.Http11NioProtocol - Starting ProtocolHandler ["http-nio-8080"]
2026-02-22 00:03:23.416 [main] INFO  o.s.b.w.e.tomcat.TomcatWebServer - Tomcat started on port 8080 (http) with context path '/'
2026-02-22 00:03:23.436 [main] INFO  c.c.L.LoggingUsingSlf4JApplication - Started LoggingUsingSlf4JApplication in 16.041 seconds (process running for 17.779)
2026-02-22 00:11:18.533 [SpringApplicationShutdownHook] INFO  o.s.b.w.e.tomcat.GracefulShutdown - Commencing graceful shutdown. Waiting for active requests to complete
2026-02-22 00:11:18.550 [tomcat-shutdown] INFO  o.s.b.w.e.tomcat.GracefulShutdown - Graceful shutdown complete
2026-02-22 00:11:18.556 [SpringApplicationShutdownHook] INFO  o.s.o.j.LocalContainerEntityManagerFactoryBean - Closing JPA EntityManagerFactory for persistence unit 'default'
2026-02-22 00:11:18.561 [SpringApplicationShutdownHook] INFO  com.zaxxer.hikari.HikariDataSource - HikariPool-1 - Shutdown initiated...
2026-02-22 00:11:18.580 [SpringApplicationShutdownHook] INFO  com.zaxxer.hikari.HikariDataSource - HikariPool-1 - Shutdown completed.
