21-02-2026 20:01:35 [INFO] com.codingsrv.LoggingUsingSLF4J.LoggingUsingSlf4JApplication  [main] Starting LoggingUsingSlf4JApplication using Java 24.0.2 with PID 8764 (C:\Users\Hp\Desktop\Spring\Spring-Boot-Concept\013-LoggingUsingSLF4J\LoggingUsingSLF4J\target\classes started by Hp in C:\Users\Hp\Desktop\Spring\Spring-Boot-Concept\013-LoggingUsingSLF4J)
21-02-2026 20:01:35 [DEBUG] com.codingsrv.LoggingUsingSLF4J.LoggingUsingSlf4JApplication  [main] Running with Spring Boot v3.5.11, Spring v6.2.16
21-02-2026 20:01:35 [INFO] com.codingsrv.LoggingUsingSLF4J.LoggingUsingSlf4JApplication  [main] No active profile set, falling back to 1 default profile: "default"
21-02-2026 20:01:36 [INFO] org.springframework.data.repository.config.RepositoryConfigurationDelegate  [main] Bootstrapping Spring Data JPA repositories in DEFAULT mode.
21-02-2026 20:01:36 [INFO] org.springframework.data.repository.config.RepositoryConfigurationDelegate  [main] Finished Spring Data repository scanning in 129 ms. Found 1 JPA repository interface.
21-02-2026 20:01:38 [INFO] org.springframework.boot.web.embedded.tomcat.TomcatWebServer  [main] Tomcat initialized with port 8080 (http)
21-02-2026 20:01:38 [INFO] org.apache.catalina.core.StandardService  [main] Starting service [Tomcat]
21-02-2026 20:01:38 [INFO] org.apache.catalina.core.StandardEngine  [main] Starting Servlet engine: [Apache Tomcat/10.1.52]
21-02-2026 20:01:38 [INFO] org.apache.catalina.core.ContainerBase.[Tomcat].[localhost].[/]  [main] Initializing Spring embedded WebApplicationContext
21-02-2026 20:01:38 [INFO] org.springframework.boot.web.servlet.context.ServletWebServerApplicationContext  [main] Root WebApplicationContext: initialization completed in 2982 ms
21-02-2026 20:01:38 [INFO] org.hibernate.jpa.internal.util.LogHelper  [main] HHH000204: Processing PersistenceUnitInfo [name: default]
21-02-2026 20:01:38 [INFO] org.hibernate.Version  [main] HHH000412: Hibernate ORM core version 6.6.42.Final
21-02-2026 20:01:38 [INFO] org.hibernate.cache.internal.RegionFactoryInitiator  [main] HHH000026: Second-level cache disabled
21-02-2026 20:01:39 [INFO] org.springframework.orm.jpa.persistenceunit.SpringPersistenceUnitInfo  [main] No LoadTimeWeaver setup: ignoring JPA class transformer
21-02-2026 20:01:39 [INFO] com.zaxxer.hikari.HikariDataSource  [main] HikariPool-1 - Starting...
21-02-2026 20:01:40 [INFO] com.zaxxer.hikari.pool.HikariPool  [main] HikariPool-1 - Added connection org.postgresql.jdbc.PgConnection@1934339
21-02-2026 20:01:40 [INFO] com.zaxxer.hikari.HikariDataSource  [main] HikariPool-1 - Start completed.
21-02-2026 20:01:40 [INFO] org.hibernate.orm.connections.pooling  [main] HHH10001005: Database info:
	Database JDBC URL [Connecting through datasource 'HikariDataSource (HikariPool-1)']
	Database driver: undefined/unknown
	Database version: 18.1
	Autocommit mode: undefined/unknown
	Isolation level: undefined/unknown
	Minimum pool size: undefined/unknown
	Maximum pool size: undefined/unknown
21-02-2026 20:01:41 [INFO] org.hibernate.engine.transaction.jta.platform.internal.JtaPlatformInitiator  [main] HHH000489: No JTA platform available (set 'hibernate.transaction.jta.platform' to enable JTA platform integration)
21-02-2026 20:01:42 [INFO] org.springframework.orm.jpa.LocalContainerEntityManagerFactoryBean  [main] Initialized JPA EntityManagerFactory for persistence unit 'default'
21-02-2026 20:01:42 [WARN] org.springframework.boot.autoconfigure.orm.jpa.JpaBaseConfiguration$JpaWebConfiguration  [main] spring.jpa.open-in-view is enabled by default. Therefore, database queries may be performed during view rendering. Explicitly configure spring.jpa.open-in-view to disable this warning
21-02-2026 20:01:43 [INFO] org.springframework.boot.web.embedded.tomcat.TomcatWebServer  [main] Tomcat started on port 8080 (http) with context path '/'
21-02-2026 20:01:43 [INFO] com.codingsrv.LoggingUsingSLF4J.LoggingUsingSlf4JApplication  [main] Started LoggingUsingSlf4JApplication in 9.318 seconds (process running for 10.306)
21-02-2026 20:05:30 [INFO] org.springframework.boot.web.embedded.tomcat.GracefulShutdown  [SpringApplicationShutdownHook] Commencing graceful shutdown. Waiting for active requests to complete
21-02-2026 20:05:30 [INFO] org.springframework.boot.web.embedded.tomcat.GracefulShutdown  [tomcat-shutdown] Graceful shutdown complete
21-02-2026 20:05:30 [INFO] org.springframework.orm.jpa.LocalContainerEntityManagerFactoryBean  [SpringApplicationShutdownHook] Closing JPA EntityManagerFactory for persistence unit 'default'
21-02-2026 20:05:30 [INFO] com.zaxxer.hikari.HikariDataSource  [SpringApplicationShutdownHook] HikariPool-1 - Shutdown initiated...
21-02-2026 20:05:30 [INFO] com.zaxxer.hikari.HikariDataSource  [SpringApplicationShutdownHook] HikariPool-1 - Shutdown completed.
21-02-2026 20:05:35 [INFO] com.codingsrv.LoggingUsingSLF4J.LoggingUsingSlf4JApplication  [main] Starting LoggingUsingSlf4JApplication using Java 24.0.2 with PID 5656 (C:\Users\Hp\Desktop\Spring\Spring-Boot-Concept\013-LoggingUsingSLF4J\LoggingUsingSLF4J\target\classes started by Hp in C:\Users\Hp\Desktop\Spring\Spring-Boot-Concept\013-LoggingUsingSLF4J)
21-02-2026 20:05:35 [DEBUG] com.codingsrv.LoggingUsingSLF4J.LoggingUsingSlf4JApplication  [main] Running with Spring Boot v3.5.11, Spring v6.2.16
21-02-2026 20:05:35 [INFO] com.codingsrv.LoggingUsingSLF4J.LoggingUsingSlf4JApplication  [main] No active profile set, falling back to 1 default profile: "default"
21-02-2026 20:05:38 [INFO] org.springframework.data.repository.config.RepositoryConfigurationDelegate  [main] Bootstrapping Spring Data JPA repositories in DEFAULT mode.
21-02-2026 20:05:38 [INFO] org.springframework.data.repository.config.RepositoryConfigurationDelegate  [main] Finished Spring Data repository scanning in 138 ms. Found 1 JPA repository interface.
21-02-2026 20:05:39 [INFO] org.springframework.boot.web.embedded.tomcat.TomcatWebServer  [main] Tomcat initialized with port 8080 (http)
21-02-2026 20:05:39 [INFO] org.apache.catalina.core.StandardService  [main] Starting service [Tomcat]
21-02-2026 20:05:39 [INFO] org.apache.catalina.core.StandardEngine  [main] Starting Servlet engine: [Apache Tomcat/10.1.52]
21-02-2026 20:05:40 [INFO] org.apache.catalina.core.ContainerBase.[Tomcat].[localhost].[/]  [main] Initializing Spring embedded WebApplicationContext
21-02-2026 20:05:40 [INFO] org.springframework.boot.web.servlet.context.ServletWebServerApplicationContext  [main] Root WebApplicationContext: initialization completed in 4014 ms
21-02-2026 20:05:40 [INFO] org.hibernate.jpa.internal.util.LogHelper  [main] HHH000204: Processing PersistenceUnitInfo [name: default]
21-02-2026 20:05:40 [INFO] org.hibernate.Version  [main] HHH000412: Hibernate ORM core version 6.6.42.Final
21-02-2026 20:05:40 [INFO] org.hibernate.cache.internal.RegionFactoryInitiator  [main] HHH000026: Second-level cache disabled
21-02-2026 20:05:41 [INFO] org.springframework.orm.jpa.persistenceunit.SpringPersistenceUnitInfo  [main] No LoadTimeWeaver setup: ignoring JPA class transformer
21-02-2026 20:05:42 [INFO] com.zaxxer.hikari.HikariDataSource  [main] HikariPool-1 - Starting...
21-02-2026 20:05:42 [INFO] com.zaxxer.hikari.pool.HikariPool  [main] HikariPool-1 - Added connection org.postgresql.jdbc.PgConnection@1eab8437
21-02-2026 20:05:42 [INFO] com.zaxxer.hikari.HikariDataSource  [main] HikariPool-1 - Start completed.
21-02-2026 20:05:43 [INFO] org.hibernate.orm.connections.pooling  [main] HHH10001005: Database info:
	Database JDBC URL [Connecting through datasource 'HikariDataSource (HikariPool-1)']
	Database driver: undefined/unknown
	Database version: 18.1
	Autocommit mode: undefined/unknown
	Isolation level: undefined/unknown
	Minimum pool size: undefined/unknown
	Maximum pool size: undefined/unknown
21-02-2026 20:05:46 [INFO] org.hibernate.engine.transaction.jta.platform.internal.JtaPlatformInitiator  [main] HHH000489: No JTA platform available (set 'hibernate.transaction.jta.platform' to enable JTA platform integration)
21-02-2026 20:05:46 [INFO] org.springframework.orm.jpa.LocalContainerEntityManagerFactoryBean  [main] Initialized JPA EntityManagerFactory for persistence unit 'default'
21-02-2026 20:05:48 [WARN] org.springframework.boot.autoconfigure.orm.jpa.JpaBaseConfiguration$JpaWebConfiguration  [main] spring.jpa.open-in-view is enabled by default. Therefore, database queries may be performed during view rendering. Explicitly configure spring.jpa.open-in-view to disable this warning
21-02-2026 20:05:49 [INFO] org.springframework.boot.web.embedded.tomcat.TomcatWebServer  [main] Tomcat started on port 8080 (http) with context path '/'
21-02-2026 20:05:49 [INFO] com.codingsrv.LoggingUsingSLF4J.LoggingUsingSlf4JApplication  [main] Started LoggingUsingSlf4JApplication in 15.737 seconds (process running for 16.792)
21-02-2026 20:11:34 [INFO] org.springframework.boot.web.embedded.tomcat.GracefulShutdown  [SpringApplicationShutdownHook] Commencing graceful shutdown. Waiting for active requests to complete
21-02-2026 20:11:34 [INFO] org.springframework.boot.web.embedded.tomcat.GracefulShutdown  [tomcat-shutdown] Graceful shutdown complete
21-02-2026 20:11:34 [INFO] org.springframework.orm.jpa.LocalContainerEntityManagerFactoryBean  [SpringApplicationShutdownHook] Closing JPA EntityManagerFactory for persistence unit 'default'
21-02-2026 20:11:34 [INFO] com.zaxxer.hikari.HikariDataSource  [SpringApplicationShutdownHook] HikariPool-1 - Shutdown initiated...
21-02-2026 20:11:34 [INFO] com.zaxxer.hikari.HikariDataSource  [SpringApplicationShutdownHook] HikariPool-1 - Shutdown completed.
